nohup: ignoring input

; Multi2Sim 4.2 - A Simulation Framework for CPU-GPU Heterogeneous Computing
; Please use command 'm2s --help' for a list of command-line options.
; Simulation alpha-numeric ID: ICiIK

warning: path '/opt/hsa/lib/tls/libm2s-opencl.so.1' has been redirected to
	path '/home/yifan/Documents/hpca2015/nyanRepo/lib/.libs/libm2s-opencl.so' while loading runtime 'OpenCL'.
	The dynamic linker of your application seems to be accessing a
	runtime library. A copy of this runtime library has been found
	in '$(TOPDIR)/lib/.libs', while running Multi2Sim from its
	build tree root. As a safer and portable option, please link
	your guest program statically with the corresponding runtime.

Platform 0 : Multi2Sim

Sorted Input
0 1 1 1 1 2 2 2 2 2 2 2 3 4 5 5 6 7 8 8 9 9 10 11 11 11 12 13 13 13 13 13 13 14 15 15 15 15 16 17 17 18 19 19 20 21 22 23 23 23 24 24 25 25 26 27 27 28 29 29 29 30 31 31 32 32 33 33 33 33 34 35 35 36 37 38 38 39 39 40 41 42 43 43 44 45 45 45 45 46 47 47 48 48 48 49 50 51 52 52 52 52 52 52 52 52 52 52 53 53 53 53 53 54 55 55 55 56 56 56 57 57 58 59 60 61 61 61 62 63 64 64 64 65 65 65 66 66 67 67 68 69 70 71 71 71 71 72 72 73 73 73 74 75 76 76 77 78 79 79 80 80 81 82 83 84 84 85 85 86 87 87 87 87 87 88 89 89 89 90 91 92 93 94 94 94 94 95 95 96 96 96 96 97 97 97 98 98 99 99 100 101 101 101 101 101 102 103 104 104 104 104 105 106 106 106 106 106 107 108 108 108 109 110 111 112 112 113 114 115 116 117 118 118 118 119 120 120 120 120 121 121 122 123 123 124 125 126 126 127 127 128 129 129 129 130 130 130 130 130 130 130 131 131 131 131 132 133 133 134 135 136 136 137 137 138 139 140 141 142 143 144 144 144 144 145 146 146 147 147 147 147 147 147 147 147 147 147 147 148 149 149 149 149 150 150 150 150 150 151 151 152 153 153 153 154 155 155 156 157 157 157 157 157 157 157 158 159 159 159 159 159 159 160 161 162 162 163 163 163 164 164 164 164 165 166 167 168 169 170 171 172 172 173 173 174 174 174 174 175 175 176 176 176 176 177 177 177 178 178 179 180 181 181 182 182 183 184 184 185 186 187 187 188 188 189 189 190 191 192 192 192 192 193 193 194 195 196 196 196 197 198 199 200 200 201 201 202 202 202 202 203 204 205 206 206 207 208 208 208 209 209 210 210 210 211 212 213 213 214 215 215 216 217 218 219 220 221 222 223 224 224 225 226 226 226 226 227 227 227 227 228 229 230 231 232 233 233 233 234 234 234 234 235 235 236 237 238 239 239 240 241 242 242 243 244 244 245 245 245 246 247 247 248 248 249 249 250 250 250 251 252 253 254 255 256 257 257 258 259 260 260 260 260 260 261 261 262 263 263 263 264 


Selected Platform Vendor : Multi2Sim
Device 0 : Multi2Sim Southern Islands GPU Model
Executing kernel for 1 iterations
-------------------------------------------
l = 14, u = 15, isfound = 1, fm = 5

;
; Simulation Statistics Summary
;

[ General ]
RealTime = 0.42 [s]
SimEnd = ContextsFinished
SimTime = 1523.00 [ns]
Frequency = 1000 [MHz]
Cycles = 1524

[ SouthernIslands ]
RealTime = 0.00 [s]
Instructions = 128
InstructionsPerSecond = 0
NDRangeCount = 1
WorkGroupCount = 1
BranchInstructions = 5
LDSInstructions = 0
ScalarALUInstructions = 37
ScalarMemInstructions = 33
VectorALUInstructions = 46
VectorMemInstructions = 7
SimTime = 1522.05 [ns]
Frequency = 925 [MHz]
Cycles = 1408
CyclesPerSecond = 0

[ x86 ]
RealTime = 0.35 [s]
Instructions = 2890231
InstructionsPerSecond = 8188621
Contexts = 2
Memory = 29024256

