
; Multi2Sim 4.2 - A Simulation Framework for CPU-GPU Heterogeneous Computing
; Please use command 'm2s --help' for a list of command-line options.
; Simulation alpha-numeric ID: jeNdh

warning: path '/opt/hsa/lib/tls/libm2s-opencl.so.1' has been redirected to
	path '/home/yifan/Documents/hpca2015/nyanRepo/lib/.libs/libm2s-opencl.so' while loading runtime 'OpenCL'.
	The dynamic linker of your application seems to be accessing a
	runtime library. A copy of this runtime library has been found
	in '$(TOPDIR)/lib/.libs', while running Multi2Sim from its
	build tree root. As a safer and portable option, please link
	your guest program statically with the corresponding runtime.

Platform 0 : Multi2Sim

Selected Platform Vendor : Multi2Sim
Device 0 : Multi2Sim Southern Islands GPU Model
Executing kernel for 5 iterations
-------------------------------------------

;
; Simulation Statistics Summary
;

[ General ]
RealTime = 0.54 [s]
SimEnd = ContextsFinished
SimTime = 115944.00 [ns]
Frequency = 1000 [MHz]
Cycles = 115945

[ SouthernIslands ]
RealTime = 0.00 [s]
Instructions = 9212
InstructionsPerSecond = 0
NDRangeCount = 7
WorkGroupCount = 7
BranchInstructions = 0
LDSInstructions = 1792
ScalarALUInstructions = 343
ScalarMemInstructions = 42
VectorALUInstructions = 6923
VectorMemInstructions = 112
SimTime = 115943.74 [ns]
Frequency = 925 [MHz]
Cycles = 107256
CyclesPerSecond = 0

[ x86 ]
RealTime = 0.48 [s]
Instructions = 3032597
InstructionsPerSecond = 6371015
Contexts = 2
Memory = 29196288

